{"timestamp": "2026-05-02T13:03:20.141241", "level": "ERROR", "message": "[FALHA] MODELO_01_Alvara_Aprovacao.json (alvara_aprovacao)", "module": "logger", "funcName": "log_err", "line": 82}
{"timestamp": "2026-05-02T13:03:20.141737", "level": "ERROR", "message": "[FALHA] MODELO_02_Habite-se_Comum.json (habitese_comum)", "module": "logger", "funcName": "log_err", "line": 82}
{"timestamp": "2026-05-02T13:03:20.142025", "level": "ERROR", "message": "[FALHA] MODELO_03_Certidao_Localizacao.json (certidao_localizacao)", "module": "logger", "funcName": "log_err", "line": 82}
{"timestamp": "2026-05-02T13:03:20.142716", "level": "ERROR", "message": "[FALHA] MODELO_04_Certidao_Decadencia.json (certidao_averbacao_decadencia)", "module": "logger", "funcName": "log_err", "line": 82}
{"timestamp": "2026-05-02T13:03:20.149569", "level": "ERROR", "message": "[FALHA] MODELO_05_Comunicado_Pendencia.json (comunicado_pendencia)", "module": "logger", "funcName": "log_err", "line": 82}
{"timestamp": "2026-05-02T13:03:20.150128", "level": "WARNING", "message": "[AVISO] MODELO_06_Oficio_Meio_Ambiente.json (oficio_meio_ambiente)", "module": "logger", "funcName": "log_warn", "line": 79}
{"timestamp": "2026-05-02T13:03:20.150470", "level": "WARNING", "message": "[AVISO] MODELO_07_Memorando.json (memorando)", "module": "logger", "funcName": "log_warn", "line": 79}
{"timestamp": "2026-05-02T13:03:20.150846", "level": "ERROR", "message": "[FALHA] MODELO_08_Alvara_MCMV.json (alvara_mcmv)", "module": "logger", "funcName": "log_err", "line": 82}
{"timestamp": "2026-05-02T13:03:20.151337", "level": "ERROR", "message": "[FALHA] MODELO_09_Alvara_Construcao_Comercial.json (alvara_construcao_comercial)", "module": "logger", "funcName": "log_err", "line": 82}
{"timestamp": "2026-05-02T13:03:20.151786", "level": "WARNING", "message": "[AVISO] MODELO_10_Parecer_Juridico.json (parecer_juridico)", "module": "logger", "funcName": "log_warn", "line": 79}
{"timestamp": "2026-05-02T13:03:20.152073", "level": "WARNING", "message": "[AVISO] MODELO_11_Oficio_Juridico_Embargo.json (oficio_juridico_embargo)", "module": "logger", "funcName": "log_warn", "line": 79}
{"timestamp": "2026-05-02T13:03:20.152374", "level": "WARNING", "message": "[AVISO] MODELO_12_Oficio_Interno_Materiais.json (oficio_interno_materiais)", "module": "logger", "funcName": "log_warn", "line": 79}
{"timestamp": "2026-05-02T13:03:20.152674", "level": "WARNING", "message": "[AVISO] MODELO_13_Oficio_Decreto_Utilidade.json (oficio_decreto_utilidade)", "module": "logger", "funcName": "log_warn", "line": 79}
{"timestamp": "2026-05-02T13:03:20.152914", "level": "ERROR", "message": "Auditoria falhou: Modelos públicos precisam de atualização.", "module": "logger", "funcName": "log_err", "line": 82}
{"timestamp": "2026-05-02T13:03:35.502679", "level": "WARNING", "message": "[AVISO] MODELO_01_Alvara_Aprovacao.json (alvara_aprovacao)", "module": "logger", "funcName": "log_warn", "line": 79}
{"timestamp": "2026-05-02T13:03:35.503415", "level": "WARNING", "message": "[AVISO] MODELO_02_Habite-se_Comum.json (habitese_comum)", "module": "logger", "funcName": "log_warn", "line": 79}
{"timestamp": "2026-05-02T13:03:35.503917", "level": "WARNING", "message": "[AVISO] MODELO_03_Certidao_Localizacao.json (certidao_localizacao)", "module": "logger", "funcName": "log_warn", "line": 79}
{"timestamp": "2026-05-02T13:03:35.504498", "level": "WARNING", "message": "[AVISO] MODELO_04_Certidao_Decadencia.json (certidao_averbacao_decadencia)", "module": "logger", "funcName": "log_warn", "line": 79}
{"timestamp": "2026-05-02T13:03:35.505019", "level": "WARNING", "message": "[AVISO] MODELO_05_Comunicado_Pendencia.json (comunicado_pendencia)", "module": "logger", "funcName": "log_warn", "line": 79}
{"timestamp": "2026-05-02T13:03:35.505441", "level": "WARNING", "message": "[AVISO] MODELO_06_Oficio_Meio_Ambiente.json (oficio_meio_ambiente)", "module": "logger", "funcName": "log_warn", "line": 79}
{"timestamp": "2026-05-02T13:03:35.505765", "level": "WARNING", "message": "[AVISO] MODELO_07_Memorando.json (memorando)", "module": "logger", "funcName": "log_warn", "line": 79}
{"timestamp": "2026-05-02T13:03:35.506117", "level": "ERROR", "message": "[FALHA] MODELO_08_Alvara_MCMV.json (alvara_mcmv)", "module": "logger", "funcName": "log_err", "line": 82}
{"timestamp": "2026-05-02T13:03:35.506433", "level": "ERROR", "message": "[FALHA] MODELO_09_Alvara_Construcao_Comercial.json (alvara_construcao_comercial)", "module": "logger", "funcName": "log_err", "line": 82}
{"timestamp": "2026-05-02T13:03:35.506718", "level": "WARNING", "message": "[AVISO] MODELO_10_Parecer_Juridico.json (parecer_juridico)", "module": "logger", "funcName": "log_warn", "line": 79}
{"timestamp": "2026-05-02T13:03:35.506977", "level": "WARNING", "message": "[AVISO] MODELO_11_Oficio_Juridico_Embargo.json (oficio_juridico_embargo)", "module": "logger", "funcName": "log_warn", "line": 79}
{"timestamp": "2026-05-02T13:03:35.507226", "level": "WARNING", "message": "[AVISO] MODELO_12_Oficio_Interno_Materiais.json (oficio_interno_materiais)", "module": "logger", "funcName": "log_warn", "line": 79}
{"timestamp": "2026-05-02T13:03:35.507511", "level": "WARNING", "message": "[AVISO] MODELO_13_Oficio_Decreto_Utilidade.json (oficio_decreto_utilidade)", "module": "logger", "funcName": "log_warn", "line": 79}
{"timestamp": "2026-05-02T13:03:35.507784", "level": "ERROR", "message": "Auditoria falhou: Modelos públicos precisam de atualização.", "module": "logger", "funcName": "log_err", "line": 82}
{"timestamp": "2026-05-02T13:03:51.631341", "level": "WARNING", "message": "[AVISO] MODELO_01_Alvara_Aprovacao.json (alvara_aprovacao)", "module": "logger", "funcName": "log_warn", "line": 79}
{"timestamp": "2026-05-02T13:03:51.632286", "level": "WARNING", "message": "[AVISO] MODELO_02_Habite-se_Comum.json (habitese_comum)", "module": "logger", "funcName": "log_warn", "line": 79}
{"timestamp": "2026-05-02T13:03:51.632829", "level": "WARNING", "message": "[AVISO] MODELO_03_Certidao_Localizacao.json (certidao_localizacao)", "module": "logger", "funcName": "log_warn", "line": 79}
{"timestamp": "2026-05-02T13:03:51.633452", "level": "WARNING", "message": "[AVISO] MODELO_04_Certidao_Decadencia.json (certidao_averbacao_decadencia)", "module": "logger", "funcName": "log_warn", "line": 79}
{"timestamp": "2026-05-02T13:03:51.633907", "level": "WARNING", "message": "[AVISO] MODELO_05_Comunicado_Pendencia.json (comunicado_pendencia)", "module": "logger", "funcName": "log_warn", "line": 79}
{"timestamp": "2026-05-02T13:03:51.634325", "level": "WARNING", "message": "[AVISO] MODELO_06_Oficio_Meio_Ambiente.json (oficio_meio_ambiente)", "module": "logger", "funcName": "log_warn", "line": 79}
{"timestamp": "2026-05-02T13:03:51.634729", "level": "WARNING", "message": "[AVISO] MODELO_07_Memorando.json (memorando)", "module": "logger", "funcName": "log_warn", "line": 79}
{"timestamp": "2026-05-02T13:03:51.635101", "level": "ERROR", "message": "[MODELO_08_Alvara_MCMV.json] Falha ao ler ou JSON inválido.", "module": "logger", "funcName": "log_err", "line": 82}
{"timestamp": "2026-05-02T13:03:51.635310", "level": "ERROR", "message": "[MODELO_09_Alvara_Construcao_Comercial.json] Falha ao ler ou JSON inválido.", "module": "logger", "funcName": "log_err", "line": 82}
{"timestamp": "2026-05-02T13:03:51.635588", "level": "WARNING", "message": "[AVISO] MODELO_10_Parecer_Juridico.json (parecer_juridico)", "module": "logger", "funcName": "log_warn", "line": 79}
{"timestamp": "2026-05-02T13:03:51.636242", "level": "WARNING", "message": "[AVISO] MODELO_11_Oficio_Juridico_Embargo.json (oficio_juridico_embargo)", "module": "logger", "funcName": "log_warn", "line": 79}
{"timestamp": "2026-05-02T13:03:51.636648", "level": "WARNING", "message": "[AVISO] MODELO_12_Oficio_Interno_Materiais.json (oficio_interno_materiais)", "module": "logger", "funcName": "log_warn", "line": 79}
{"timestamp": "2026-05-02T13:03:51.637011", "level": "WARNING", "message": "[AVISO] MODELO_13_Oficio_Decreto_Utilidade.json (oficio_decreto_utilidade)", "module": "logger", "funcName": "log_warn", "line": 79}
{"timestamp": "2026-05-02T13:03:51.637263", "level": "ERROR", "message": "Auditoria falhou: Modelos públicos precisam de atualização.", "module": "logger", "funcName": "log_err", "line": 82}
{"timestamp": "2026-05-02T13:04:10.903859", "level": "WARNING", "message": "[AVISO] MODELO_01_Alvara_Aprovacao.json (alvara_aprovacao)", "module": "logger", "funcName": "log_warn", "line": 79}
{"timestamp": "2026-05-02T13:04:10.904587", "level": "WARNING", "message": "[AVISO] MODELO_02_Habite-se_Comum.json (habitese_comum)", "module": "logger", "funcName": "log_warn", "line": 79}
{"timestamp": "2026-05-02T13:04:10.905156", "level": "WARNING", "message": "[AVISO] MODELO_03_Certidao_Localizacao.json (certidao_localizacao)", "module": "logger", "funcName": "log_warn", "line": 79}
{"timestamp": "2026-05-02T13:04:10.905956", "level": "WARNING", "message": "[AVISO] MODELO_04_Certidao_Decadencia.json (certidao_averbacao_decadencia)", "module": "logger", "funcName": "log_warn", "line": 79}
{"timestamp": "2026-05-02T13:04:10.906530", "level": "WARNING", "message": "[AVISO] MODELO_05_Comunicado_Pendencia.json (comunicado_pendencia)", "module": "logger", "funcName": "log_warn", "line": 79}
{"timestamp": "2026-05-02T13:04:10.906970", "level": "WARNING", "message": "[AVISO] MODELO_06_Oficio_Meio_Ambiente.json (oficio_meio_ambiente)", "module": "logger", "funcName": "log_warn", "line": 79}
{"timestamp": "2026-05-02T13:04:10.907341", "level": "WARNING", "message": "[AVISO] MODELO_07_Memorando.json (memorando)", "module": "logger", "funcName": "log_warn", "line": 79}
{"timestamp": "2026-05-02T13:04:10.907681", "level": "ERROR", "message": "[MODELO_08_Alvara_MCMV.json] Falha ao ler ou JSON inválido.", "module": "logger", "funcName": "log_err", "line": 82}
{"timestamp": "2026-05-02T13:04:10.907896", "level": "ERROR", "message": "[MODELO_09_Alvara_Construcao_Comercial.json] Falha ao ler ou JSON inválido.", "module": "logger", "funcName": "log_err", "line": 82}
{"timestamp": "2026-05-02T13:04:10.908194", "level": "WARNING", "message": "[AVISO] MODELO_10_Parecer_Juridico.json (parecer_juridico)", "module": "logger", "funcName": "log_warn", "line": 79}
{"timestamp": "2026-05-02T13:04:10.908708", "level": "WARNING", "message": "[AVISO] MODELO_11_Oficio_Juridico_Embargo.json (oficio_juridico_embargo)", "module": "logger", "funcName": "log_warn", "line": 79}
{"timestamp": "2026-05-02T13:04:10.909034", "level": "WARNING", "message": "[AVISO] MODELO_12_Oficio_Interno_Materiais.json (oficio_interno_materiais)", "module": "logger", "funcName": "log_warn", "line": 79}
{"timestamp": "2026-05-02T13:04:10.909508", "level": "WARNING", "message": "[AVISO] MODELO_13_Oficio_Decreto_Utilidade.json (oficio_decreto_utilidade)", "module": "logger", "funcName": "log_warn", "line": 79}
{"timestamp": "2026-05-02T13:04:10.909917", "level": "ERROR", "message": "Auditoria falhou: Modelos públicos precisam de atualização.", "module": "logger", "funcName": "log_err", "line": 82}
{"timestamp": "2026-05-02T13:04:26.924563", "level": "WARNING", "message": "[AVISO] MODELO_01_Alvara_Aprovacao.json (alvara_aprovacao)", "module": "logger", "funcName": "log_warn", "line": 79}
{"timestamp": "2026-05-02T13:04:26.925344", "level": "WARNING", "message": "[AVISO] MODELO_02_Habite-se_Comum.json (habitese_comum)", "module": "logger", "funcName": "log_warn", "line": 79}
{"timestamp": "2026-05-02T13:04:26.926185", "level": "WARNING", "message": "[AVISO] MODELO_03_Certidao_Localizacao.json (certidao_localizacao)", "module": "logger", "funcName": "log_warn", "line": 79}
{"timestamp": "2026-05-02T13:04:26.926949", "level": "WARNING", "message": "[AVISO] MODELO_04_Certidao_Decadencia.json (certidao_averbacao_decadencia)", "module": "logger", "funcName": "log_warn", "line": 79}
{"timestamp": "2026-05-02T13:04:26.927554", "level": "WARNING", "message": "[AVISO] MODELO_05_Comunicado_Pendencia.json (comunicado_pendencia)", "module": "logger", "funcName": "log_warn", "line": 79}
{"timestamp": "2026-05-02T13:04:26.928086", "level": "WARNING", "message": "[AVISO] MODELO_06_Oficio_Meio_Ambiente.json (oficio_meio_ambiente)", "module": "logger", "funcName": "log_warn", "line": 79}
{"timestamp": "2026-05-02T13:04:26.928552", "level": "WARNING", "message": "[AVISO] MODELO_07_Memorando.json (memorando)", "module": "logger", "funcName": "log_warn", "line": 79}
{"timestamp": "2026-05-02T13:04:26.928973", "level": "ERROR", "message": "[MODELO_08_Alvara_MCMV.json] Falha ao ler ou JSON inválido.", "module": "logger", "funcName": "log_err", "line": 82}
{"timestamp": "2026-05-02T13:04:26.929317", "level": "ERROR", "message": "[MODELO_09_Alvara_Construcao_Comercial.json] Falha ao ler ou JSON inválido.", "module": "logger", "funcName": "log_err", "line": 82}
{"timestamp": "2026-05-02T13:04:26.929700", "level": "WARNING", "message": "[AVISO] MODELO_10_Parecer_Juridico.json (parecer_juridico)", "module": "logger", "funcName": "log_warn", "line": 79}
{"timestamp": "2026-05-02T13:04:26.930031", "level": "WARNING", "message": "[AVISO] MODELO_11_Oficio_Juridico_Embargo.json (oficio_juridico_embargo)", "module": "logger", "funcName": "log_warn", "line": 79}
{"timestamp": "2026-05-02T13:04:26.930507", "level": "WARNING", "message": "[AVISO] MODELO_12_Oficio_Interno_Materiais.json (oficio_interno_materiais)", "module": "logger", "funcName": "log_warn", "line": 79}
{"timestamp": "2026-05-02T13:04:26.930989", "level": "WARNING", "message": "[AVISO] MODELO_13_Oficio_Decreto_Utilidade.json (oficio_decreto_utilidade)", "module": "logger", "funcName": "log_warn", "line": 79}
{"timestamp": "2026-05-02T13:04:26.931411", "level": "ERROR", "message": "Auditoria falhou: Modelos públicos precisam de atualização.", "module": "logger", "funcName": "log_err", "line": 82}
{"timestamp": "2026-05-02T13:07:08.817042", "level": "WARNING", "message": "[AVISO] MODELO_01_Alvara_Aprovacao.json (alvara_aprovacao)", "module": "logger", "funcName": "log_warn", "line": 79}
{"timestamp": "2026-05-02T13:07:08.817773", "level": "WARNING", "message": "[AVISO] MODELO_02_Habite-se_Comum.json (habitese_comum)", "module": "logger", "funcName": "log_warn", "line": 79}
{"timestamp": "2026-05-02T13:07:08.818149", "level": "WARNING", "message": "[AVISO] MODELO_03_Certidao_Localizacao.json (certidao_localizacao)", "module": "logger", "funcName": "log_warn", "line": 79}
{"timestamp": "2026-05-02T13:07:08.818844", "level": "WARNING", "message": "[AVISO] MODELO_04_Certidao_Decadencia.json (certidao_averbacao_decadencia)", "module": "logger", "funcName": "log_warn", "line": 79}
{"timestamp": "2026-05-02T13:07:08.819218", "level": "WARNING", "message": "[AVISO] MODELO_05_Comunicado_Pendencia.json (comunicado_pendencia)", "module": "logger", "funcName": "log_warn", "line": 79}
{"timestamp": "2026-05-02T13:07:08.819550", "level": "WARNING", "message": "[AVISO] MODELO_06_Oficio_Meio_Ambiente.json (oficio_meio_ambiente)", "module": "logger", "funcName": "log_warn", "line": 79}
{"timestamp": "2026-05-02T13:07:08.819807", "level": "WARNING", "message": "[AVISO] MODELO_07_Memorando.json (memorando)", "module": "logger", "funcName": "log_warn", "line": 79}
{"timestamp": "2026-05-02T13:07:08.820027", "level": "ERROR", "message": "[MODELO_08_Alvara_MCMV.json] Falha ao ler ou JSON inválido.", "module": "logger", "funcName": "log_err", "line": 82}
{"timestamp": "2026-05-02T13:07:08.820266", "level": "WARNING", "message": "[AVISO] MODELO_09_Alvara_Construcao_Comercial.json (alvara_construcao_comercial)", "module": "logger", "funcName": "log_warn", "line": 79}
{"timestamp": "2026-05-02T13:07:08.820801", "level": "WARNING", "message": "[AVISO] MODELO_10_Parecer_Juridico.json (parecer_juridico)", "module": "logger", "funcName": "log_warn", "line": 79}
{"timestamp": "2026-05-02T13:07:08.821196", "level": "WARNING", "message": "[AVISO] MODELO_11_Oficio_Juridico_Embargo.json (oficio_juridico_embargo)", "module": "logger", "funcName": "log_warn", "line": 79}
{"timestamp": "2026-05-02T13:07:08.821575", "level": "WARNING", "message": "[AVISO] MODELO_12_Oficio_Interno_Materiais.json (oficio_interno_materiais)", "module": "logger", "funcName": "log_warn", "line": 79}
{"timestamp": "2026-05-02T13:07:08.821915", "level": "WARNING", "message": "[AVISO] MODELO_13_Oficio_Decreto_Utilidade.json (oficio_decreto_utilidade)", "module": "logger", "funcName": "log_warn", "line": 79}
{"timestamp": "2026-05-02T13:07:08.822169", "level": "ERROR", "message": "Auditoria falhou: Modelos públicos precisam de atualização.", "module": "logger", "funcName": "log_err", "line": 82}
{"timestamp": "2026-05-02T13:07:17.602361", "level": "WARNING", "message": "[AVISO] MODELO_01_Alvara_Aprovacao.json (alvara_aprovacao)", "module": "logger", "funcName": "log_warn", "line": 79}
{"timestamp": "2026-05-02T13:07:17.603115", "level": "WARNING", "message": "[AVISO] MODELO_02_Habite-se_Comum.json (habitese_comum)", "module": "logger", "funcName": "log_warn", "line": 79}
{"timestamp": "2026-05-02T13:07:17.603539", "level": "WARNING", "message": "[AVISO] MODELO_03_Certidao_Localizacao.json (certidao_localizacao)", "module": "logger", "funcName": "log_warn", "line": 79}
{"timestamp": "2026-05-02T13:07:17.604018", "level": "WARNING", "message": "[AVISO] MODELO_04_Certidao_Decadencia.json (certidao_averbacao_decadencia)", "module": "logger", "funcName": "log_warn", "line": 79}
{"timestamp": "2026-05-02T13:07:17.604369", "level": "WARNING", "message": "[AVISO] MODELO_05_Comunicado_Pendencia.json (comunicado_pendencia)", "module": "logger", "funcName": "log_warn", "line": 79}
{"timestamp": "2026-05-02T13:07:17.604699", "level": "WARNING", "message": "[AVISO] MODELO_06_Oficio_Meio_Ambiente.json (oficio_meio_ambiente)", "module": "logger", "funcName": "log_warn", "line": 79}
{"timestamp": "2026-05-02T13:07:17.604961", "level": "WARNING", "message": "[AVISO] MODELO_07_Memorando.json (memorando)", "module": "logger", "funcName": "log_warn", "line": 79}
{"timestamp": "2026-05-02T13:07:17.605215", "level": "ERROR", "message": "[FALHA] MODELO_08_Alvara_MCMV.json (alvara_mcmv)", "module": "logger", "funcName": "log_err", "line": 82}
{"timestamp": "2026-05-02T13:07:17.605531", "level": "WARNING", "message": "[AVISO] MODELO_09_Alvara_Construcao_Comercial.json (alvara_construcao_comercial)", "module": "logger", "funcName": "log_warn", "line": 79}
{"timestamp": "2026-05-02T13:07:17.606088", "level": "WARNING", "message": "[AVISO] MODELO_10_Parecer_Juridico.json (parecer_juridico)", "module": "logger", "funcName": "log_warn", "line": 79}
{"timestamp": "2026-05-02T13:07:17.606360", "level": "WARNING", "message": "[AVISO] MODELO_11_Oficio_Juridico_Embargo.json (oficio_juridico_embargo)", "module": "logger", "funcName": "log_warn", "line": 79}
{"timestamp": "2026-05-02T13:07:17.606620", "level": "WARNING", "message": "[AVISO] MODELO_12_Oficio_Interno_Materiais.json (oficio_interno_materiais)", "module": "logger", "funcName": "log_warn", "line": 79}
{"timestamp": "2026-05-02T13:07:17.606876", "level": "WARNING", "message": "[AVISO] MODELO_13_Oficio_Decreto_Utilidade.json (oficio_decreto_utilidade)", "module": "logger", "funcName": "log_warn", "line": 79}
{"timestamp": "2026-05-02T13:07:17.607082", "level": "ERROR", "message": "Auditoria falhou: Modelos públicos precisam de atualização.", "module": "logger", "funcName": "log_err", "line": 82}
{"timestamp": "2026-05-02T13:07:27.265155", "level": "WARNING", "message": "[AVISO] MODELO_01_Alvara_Aprovacao.json (alvara_aprovacao)", "module": "logger", "funcName": "log_warn", "line": 79}
{"timestamp": "2026-05-02T13:07:27.265893", "level": "WARNING", "message": "[AVISO] MODELO_02_Habite-se_Comum.json (habitese_comum)", "module": "logger", "funcName": "log_warn", "line": 79}
{"timestamp": "2026-05-02T13:07:27.266348", "level": "WARNING", "message": "[AVISO] MODELO_03_Certidao_Localizacao.json (certidao_localizacao)", "module": "logger", "funcName": "log_warn", "line": 79}
{"timestamp": "2026-05-02T13:07:27.266842", "level": "WARNING", "message": "[AVISO] MODELO_04_Certidao_Decadencia.json (certidao_averbacao_decadencia)", "module": "logger", "funcName": "log_warn", "line": 79}
{"timestamp": "2026-05-02T13:07:27.267289", "level": "WARNING", "message": "[AVISO] MODELO_05_Comunicado_Pendencia.json (comunicado_pendencia)", "module": "logger", "funcName": "log_warn", "line": 79}
{"timestamp": "2026-05-02T13:07:27.267676", "level": "WARNING", "message": "[AVISO] MODELO_06_Oficio_Meio_Ambiente.json (oficio_meio_ambiente)", "module": "logger", "funcName": "log_warn", "line": 79}
{"timestamp": "2026-05-02T13:07:27.267949", "level": "WARNING", "message": "[AVISO] MODELO_07_Memorando.json (memorando)", "module": "logger", "funcName": "log_warn", "line": 79}
{"timestamp": "2026-05-02T13:07:27.268197", "level": "WARNING", "message": "[AVISO] MODELO_08_Alvara_MCMV.json (alvara_mcmv)", "module": "logger", "funcName": "log_warn", "line": 79}
{"timestamp": "2026-05-02T13:07:27.268598", "level": "WARNING", "message": "[AVISO] MODELO_09_Alvara_Construcao_Comercial.json (alvara_construcao_comercial)", "module": "logger", "funcName": "log_warn", "line": 79}
{"timestamp": "2026-05-02T13:07:27.269033", "level": "WARNING", "message": "[AVISO] MODELO_10_Parecer_Juridico.json (parecer_juridico)", "module": "logger", "funcName": "log_warn", "line": 79}
{"timestamp": "2026-05-02T13:07:27.269310", "level": "WARNING", "message": "[AVISO] MODELO_11_Oficio_Juridico_Embargo.json (oficio_juridico_embargo)", "module": "logger", "funcName": "log_warn", "line": 79}
{"timestamp": "2026-05-02T13:07:27.269570", "level": "WARNING", "message": "[AVISO] MODELO_12_Oficio_Interno_Materiais.json (oficio_interno_materiais)", "module": "logger", "funcName": "log_warn", "line": 79}
{"timestamp": "2026-05-02T13:07:27.269860", "level": "WARNING", "message": "[AVISO] MODELO_13_Oficio_Decreto_Utilidade.json (oficio_decreto_utilidade)", "module": "logger", "funcName": "log_warn", "line": 79}
{"timestamp": "2026-05-02T13:07:27.270098", "level": "INFO", "message": "Auditoria concluída: Modelos públicos sincronizados.", "module": "logger", "funcName": "log_ok", "line": 76}
{"timestamp": "2026-05-02T13:08:25.765794", "level": "WARNING", "message": "[AVISO] MODELO_01_Alvara_Aprovacao.json (alvara_aprovacao)", "module": "logger", "funcName": "log_warn", "line": 79}
{"timestamp": "2026-05-02T13:08:25.766537", "level": "WARNING", "message": "[AVISO] MODELO_02_Habite-se_Comum.json (habitese_comum)", "module": "logger", "funcName": "log_warn", "line": 79}
{"timestamp": "2026-05-02T13:08:25.766976", "level": "WARNING", "message": "[AVISO] MODELO_03_Certidao_Localizacao.json (certidao_localizacao)", "module": "logger", "funcName": "log_warn", "line": 79}
{"timestamp": "2026-05-02T13:08:25.767470", "level": "WARNING", "message": "[AVISO] MODELO_04_Certidao_Decadencia.json (certidao_averbacao_decadencia)", "module": "logger", "funcName": "log_warn", "line": 79}
{"timestamp": "2026-05-02T13:08:25.767856", "level": "WARNING", "message": "[AVISO] MODELO_05_Comunicado_Pendencia.json (comunicado_pendencia)", "module": "logger", "funcName": "log_warn", "line": 79}
{"timestamp": "2026-05-02T13:08:25.768260", "level": "WARNING", "message": "[AVISO] MODELO_06_Oficio_Meio_Ambiente.json (oficio_meio_ambiente)", "module": "logger", "funcName": "log_warn", "line": 79}
{"timestamp": "2026-05-02T13:08:25.768563", "level": "WARNING", "message": "[AVISO] MODELO_07_Memorando.json (memorando)", "module": "logger", "funcName": "log_warn", "line": 79}
{"timestamp": "2026-05-02T13:08:25.768806", "level": "WARNING", "message": "[AVISO] MODELO_08_Alvara_MCMV.json (alvara_mcmv)", "module": "logger", "funcName": "log_warn", "line": 79}
{"timestamp": "2026-05-02T13:08:25.769156", "level": "WARNING", "message": "[AVISO] MODELO_09_Alvara_Construcao_Comercial.json (alvara_construcao_comercial)", "module": "logger", "funcName": "log_warn", "line": 79}
{"timestamp": "2026-05-02T13:08:25.769508", "level": "WARNING", "message": "[AVISO] MODELO_10_Parecer_Juridico.json (parecer_juridico)", "module": "logger", "funcName": "log_warn", "line": 79}
{"timestamp": "2026-05-02T13:08:25.769778", "level": "WARNING", "message": "[AVISO] MODELO_11_Oficio_Juridico_Embargo.json (oficio_juridico_embargo)", "module": "logger", "funcName": "log_warn", "line": 79}
{"timestamp": "2026-05-02T13:08:25.770084", "level": "WARNING", "message": "[AVISO] MODELO_12_Oficio_Interno_Materiais.json (oficio_interno_materiais)", "module": "logger", "funcName": "log_warn", "line": 79}
{"timestamp": "2026-05-02T13:08:25.770436", "level": "WARNING", "message": "[AVISO] MODELO_13_Oficio_Decreto_Utilidade.json (oficio_decreto_utilidade)", "module": "logger", "funcName": "log_warn", "line": 79}
{"timestamp": "2026-05-02T13:08:25.770664", "level": "INFO", "message": "Auditoria concluída: Modelos públicos sincronizados.", "module": "logger", "funcName": "log_ok", "line": 76}
{"timestamp": "2026-05-02T17:04:28.479276", "level": "INFO", "message": "[OK]    MODELO_01_Alvara_Aprovacao.json (alvara_aprovacao)", "module": "logger", "funcName": "log_ok", "line": 76}
{"timestamp": "2026-05-02T17:04:28.479823", "level": "WARNING", "message": "[AVISO] MODELO_02_Habite-se_Comum.json (habitese_comum)", "module": "logger", "funcName": "log_warn", "line": 79}
{"timestamp": "2026-05-02T17:04:28.480683", "level": "WARNING", "message": "[AVISO] MODELO_03_Certidao_Localizacao.json (certidao_localizacao)", "module": "logger", "funcName": "log_warn", "line": 79}
{"timestamp": "2026-05-02T17:04:28.482096", "level": "WARNING", "message": "[AVISO] MODELO_04_Certidao_Decadencia.json (certidao_averbacao_decadencia)", "module": "logger", "funcName": "log_warn", "line": 79}
{"timestamp": "2026-05-02T17:04:28.483196", "level": "WARNING", "message": "[AVISO] MODELO_05_Comunicado_Pendencia.json (comunicado_pendencia)", "module": "logger", "funcName": "log_warn", "line": 79}
{"timestamp": "2026-05-02T17:04:28.484066", "level": "WARNING", "message": "[AVISO] MODELO_06_Oficio_Meio_Ambiente.json (oficio_meio_ambiente)", "module": "logger", "funcName": "log_warn", "line": 79}
{"timestamp": "2026-05-02T17:04:28.484635", "level": "WARNING", "message": "[AVISO] MODELO_07_Memorando.json (memorando)", "module": "logger", "funcName": "log_warn", "line": 79}
{"timestamp": "2026-05-02T17:04:28.485136", "level": "WARNING", "message": "[AVISO] MODELO_08_Alvara_MCMV.json (alvara_mcmv)", "module": "logger", "funcName": "log_warn", "line": 79}
{"timestamp": "2026-05-02T17:04:28.485928", "level": "WARNING", "message": "[AVISO] MODELO_09_Alvara_Construcao_Comercial.json (alvara_construcao_comercial)", "module": "logger", "funcName": "log_warn", "line": 79}
{"timestamp": "2026-05-02T17:04:28.486625", "level": "WARNING", "message": "[AVISO] MODELO_10_Parecer_Juridico.json (parecer_juridico)", "module": "logger", "funcName": "log_warn", "line": 79}
{"timestamp": "2026-05-02T17:04:28.487163", "level": "WARNING", "message": "[AVISO] MODELO_11_Oficio_Juridico_Embargo.json (oficio_juridico_embargo)", "module": "logger", "funcName": "log_warn", "line": 79}
{"timestamp": "2026-05-02T17:04:28.487650", "level": "WARNING", "message": "[AVISO] MODELO_12_Oficio_Interno_Materiais.json (oficio_interno_materiais)", "module": "logger", "funcName": "log_warn", "line": 79}
{"timestamp": "2026-05-02T17:04:28.488229", "level": "WARNING", "message": "[AVISO] MODELO_13_Oficio_Decreto_Utilidade.json (oficio_decreto_utilidade)", "module": "logger", "funcName": "log_warn", "line": 79}
{"timestamp": "2026-05-02T17:04:28.488633", "level": "INFO", "message": "[OK]    MODELO_14_Habitese_Multa.json (habitese_multa)", "module": "logger", "funcName": "log_ok", "line": 76}
{"timestamp": "2026-05-02T17:04:28.489022", "level": "INFO", "message": "[OK]    MODELO_15_Reforma_Ampliacao.json (alvara_reforma_demolicao_ampliacao)", "module": "logger", "funcName": "log_ok", "line": 76}
{"timestamp": "2026-05-02T17:04:28.489442", "level": "INFO", "message": "[OK]    MODELO_GABARITO_Alvara_Regularizacao.json (alvara_regularizacao)", "module": "logger", "funcName": "log_ok", "line": 76}
{"timestamp": "2026-05-02T17:04:28.489707", "level": "INFO", "message": "Auditoria concluída: Modelos públicos sincronizados.", "module": "logger", "funcName": "log_ok", "line": 76}
